0 - Sun Nov 16 15:06:28 2025 - Data file opened.

1 - Sun Nov 16 15:06:29 2025 - Data inserted.
Data inserted.
Data inserted.

2 - Sun Nov 16 15:06:34 2025 - Data inserted.
Data file closed.
END_LOG

0 - Sun Nov 16 15:06:52 2025 - Data file opened.

1 - Sun Nov 16 15:06:53 2025 - Data inserted.
Data inserted.
Data inserted.

2 - Sun Nov 16 15:06:58 2025 - Data inserted.
Data file closed.
END_LOG

0 - Sun Nov 16 15:10:13 2025 - Data file opened.

1 - Sun Nov 16 15:10:14 2025 - Data inserted.
Data inserted.
Data inserted.

2 - Sun Nov 16 15:10:19 2025 - Data inserted.
Data file closed.
END_LOG

0 - Sun Nov 16 15:18:27 2025 - Data file opened.
1 - Sun Nov 16 15:18:28 2025 - Data inserted.
2 - Sun Nov 16 15:18:28 2025 - Data inserted.Data inserted.
3 - Sun Nov 16 15:18:33 2025 - Data inserted.Data file closed.END_LOG
0 - Sun Nov 16 15:29:45 2025 - Data file opened.
1 - Sun Nov 16 15:29:46 2025 - Data inserted.
2 - Sun Nov 16 15:29:46 2025 - Data inserted.
Data inserted.
3 - Sun Nov 16 15:29:51 2025 - Data inserted.
Data file closed.
END_LOG
0 - Sun Nov 16 15:44:39 2025 - Data file opened.
1 - Sun Nov 16 15:44:40 2025 - Data inserted.
2 - Sun Nov 16 15:44:40 2025 - Data inserted.
3 - Sun Nov 16 15:44:40 2025 - Data inserted.
4 - Sun Nov 16 15:44:45 2025 - Data inserted.
5 - Sun Nov 16 15:44:45 2025 - Data file closed.
1 - Sun Nov 16 15:45:45 2025 - Data file opened.
2 - Sun Nov 16 15:45:46 2025 - Data inserted.
3 - Sun Nov 16 15:45:46 2025 - Data inserted.
4 - Sun Nov 16 15:45:46 2025 - Data inserted.
5 - Sun Nov 16 15:45:51 2025 - Data inserted.
6 - Sun Nov 16 15:45:51 2025 - Data file closed.
0 - Sun Nov 16 15:46:12 2025 - Data file opened.
1 - Sun Nov 16 15:46:13 2025 - Data inserted.
2 - Sun Nov 16 15:46:13 2025 - Data inserted.
3 - Sun Nov 16 15:46:13 2025 - Data inserted.
4 - Sun Nov 16 15:46:18 2025 - Data inserted.
5 - Sun Nov 16 15:46:18 2025 - Data file closed.
